<?xml version="1.0" encoding="UTF-8"?>
<testsuite xmlns:xsi="http://www.w3.org/2001/XMLSchema-instance" xsi:noNamespaceSchemaLocation="https://maven.apache.org/surefire/maven-surefire-plugin/xsd/surefire-test-report.xsd" name="com.example.accessingdatar2dbc.CustomerRepositoryTests" time="2.874" tests="1" errors="0" skipped="0" failures="0">
  <properties>
[...]
</properties>
  <testcase name="testFindByLastName" classname="com.example.accessingdatar2dbc.CustomerRepositoryTests" time="0.325"/>
</testsuite>